toxi-radio-android/app/build/intermediates/manifest_merge_blame_file/release/processReleaseMainManifest/manifest-merger-blame-release-report.txt
1<?xml version="1.0" encoding="utf-8"?>
2<manifest xmlns:android="http://schemas.android.com/apk/res/android"
3    package="media.toxi.radio"
4    android:versionCode="1"
5    android:versionName="1.0" >
6
7    <uses-sdk
8        android:minSdkVersion="21"
9        android:targetSdkVersion="34" />
10
11    <uses-permission android:name="android.permission.INTERNET" />
11-->src\main\AndroidManifest.xml:4:5-67
11-->src\main\AndroidManifest.xml:4:22-64
12    <uses-permission android:name="android.permission.ACCESS_NETWORK_STATE" />
12-->src\main\AndroidManifest.xml:5:5-79
12-->src\main\AndroidManifest.xml:5:22-76
13    <uses-permission android:name="android.permission.ACCESS_WIFI_STATE" />
13-->src\main\AndroidManifest.xml:6:5-76
13-->src\main\AndroidManifest.xml:6:22-73
14    <uses-permission android:name="android.permission.FOREGROUND_SERVICE" />
14-->src\main\AndroidManifest.xml:7:5-77
14-->src\main\AndroidManifest.xml:7:22-74
15    <uses-permission android:name="android.permission.FOREGROUND_SERVICE_MEDIA_PLAYBACK" />
15-->src\main\AndroidManifest.xml:8:5-92
15-->src\main\AndroidManifest.xml:8:22-89
16
17    <!-- Touchscreen optional: runs on TV, phone and tablet -->
18    <uses-feature
18-->src\main\AndroidManifest.xml:11:5-91
19        android:name="android.hardware.touchscreen"
19-->src\main\AndroidManifest.xml:11:19-62
20        android:required="false" />
20-->src\main\AndroidManifest.xml:11:64-88
21    <!-- Leanback optional: shows on TV launcher but doesn't exclude phones/tablets -->
22    <uses-feature
22-->src\main\AndroidManifest.xml:13:5-91
23        android:name="android.software.leanback"
23-->src\main\AndroidManifest.xml:13:19-59
24        android:required="false" />
24-->src\main\AndroidManifest.xml:13:64-88
25
26    <queries>
26-->[com.google.android.gms:play-services-cast-framework:21.5.0] AndroidManifest.xml:10:5-12:15
27        <package android:name="com.google.android.gms.policy_cast_dynamite" />
27-->[com.google.android.gms:play-services-cast-framework:21.5.0] AndroidManifest.xml:11:9-79
27-->[com.google.android.gms:play-services-cast-framework:21.5.0] AndroidManifest.xml:11:18-76
28    </queries>
29
30    <permission
30-->[androidx.core:core:1.13.1] AndroidManifest.xml:22:5-24:47
31        android:name="media.toxi.radio.DYNAMIC_RECEIVER_NOT_EXPORTED_PERMISSION"
31-->[androidx.core:core:1.13.1] AndroidManifest.xml:23:9-81
32        android:protectionLevel="signature" />
32-->[androidx.core:core:1.13.1] AndroidManifest.xml:24:9-44
33
34    <uses-permission android:name="media.toxi.radio.DYNAMIC_RECEIVER_NOT_EXPORTED_PERMISSION" />
34-->[androidx.core:core:1.13.1] AndroidManifest.xml:26:5-97
34-->[androidx.core:core:1.13.1] AndroidManifest.xml:26:22-94
35
36    <application
36-->src\main\AndroidManifest.xml:15:5-46:19
37        android:allowBackup="false"
37-->src\main\AndroidManifest.xml:16:9-36
38        android:appComponentFactory="androidx.core.app.CoreComponentFactory"
38-->[androidx.core:core:1.13.1] AndroidManifest.xml:28:18-86
39        android:banner="@drawable/banner"
39-->src\main\AndroidManifest.xml:17:9-42
40        android:extractNativeLibs="true"
41        android:icon="@mipmap/ic_launcher"
41-->src\main\AndroidManifest.xml:18:9-43
42        android:label="@string/app_name"
42-->src\main\AndroidManifest.xml:20:9-41
43        android:roundIcon="@mipmap/ic_launcher_round"
43-->src\main\AndroidManifest.xml:19:9-54
44        android:supportsRtl="true"
44-->src\main\AndroidManifest.xml:21:9-35
45        android:theme="@style/Theme.ToxiRadio" >
45-->src\main\AndroidManifest.xml:22:9-47
46        <meta-data
46-->src\main\AndroidManifest.xml:24:9-26:68
47            android:name="com.google.android.gms.cast.framework.OPTIONS_PROVIDER_CLASS_NAME"
47-->src\main\AndroidManifest.xml:25:13-93
48            android:value="media.toxi.radio.CastOptionsProvider" />
48-->src\main\AndroidManifest.xml:26:13-65
49
50        <activity
50-->src\main\AndroidManifest.xml:28:9-39:20
51            android:name="media.toxi.radio.MainActivity"
51-->src\main\AndroidManifest.xml:29:13-41
52            android:configChanges="keyboard|keyboardHidden|navigation|orientation|screenLayout|screenSize|smallestScreenSize"
52-->src\main\AndroidManifest.xml:30:13-126
53            android:exported="true"
53-->src\main\AndroidManifest.xml:31:13-36
54            android:launchMode="singleTask"
54-->src\main\AndroidManifest.xml:32:13-44
55            android:screenOrientation="sensorPortrait" >
55-->src\main\AndroidManifest.xml:33:13-55
56            <intent-filter>
56-->src\main\AndroidManifest.xml:34:13-38:29
57                <action android:name="android.intent.action.MAIN" />
57-->src\main\AndroidManifest.xml:35:17-69
57-->src\main\AndroidManifest.xml:35:25-66
58                <!-- LAUNCHER: shows on phones and tablets -->
59                <category android:name="android.intent.category.LAUNCHER" />
59-->src\main\AndroidManifest.xml:37:17-77
59-->src\main\AndroidManifest.xml:37:27-74
60            </intent-filter>
61        </activity>
62
63        <service
63-->src\main\AndroidManifest.xml:41:9-44:40
64            android:name="media.toxi.radio.RadioService"
64-->src\main\AndroidManifest.xml:42:13-41
65            android:exported="false"
65-->src\main\AndroidManifest.xml:44:13-37
66            android:foregroundServiceType="mediaPlayback" />
66-->src\main\AndroidManifest.xml:43:13-58
67
68        <receiver
68-->[com.google.android.gms:play-services-cast-framework:21.5.0] AndroidManifest.xml:15:9-125
69            android:name="com.google.android.gms.cast.framework.media.MediaIntentReceiver"
69-->[com.google.android.gms:play-services-cast-framework:21.5.0] AndroidManifest.xml:15:19-97
70            android:exported="false" />
70-->[com.google.android.gms:play-services-cast-framework:21.5.0] AndroidManifest.xml:15:98-122
71
72        <service
72-->[com.google.android.gms:play-services-cast-framework:21.5.0] AndroidManifest.xml:17:9-118
73            android:name="com.google.android.gms.cast.framework.ReconnectionService"
73-->[com.google.android.gms:play-services-cast-framework:21.5.0] AndroidManifest.xml:17:18-90
74            android:exported="false" />
74-->[com.google.android.gms:play-services-cast-framework:21.5.0] AndroidManifest.xml:17:91-115
75
76        <activity
76-->[com.google.android.gms:play-services-base:18.5.0] AndroidManifest.xml:5:9-173
77            android:name="com.google.android.gms.common.api.GoogleApiActivity"
77-->[com.google.android.gms:play-services-base:18.5.0] AndroidManifest.xml:5:19-85
78            android:exported="false"
78-->[com.google.android.gms:play-services-base:18.5.0] AndroidManifest.xml:5:146-170
79            android:theme="@android:style/Theme.Translucent.NoTitleBar" />
79-->[com.google.android.gms:play-services-base:18.5.0] AndroidManifest.xml:5:86-145
80
81        <meta-data
81-->[com.google.android.gms:play-services-basement:18.4.0] AndroidManifest.xml:6:9-122
82            android:name="com.google.android.gms.version"
82-->[com.google.android.gms:play-services-basement:18.4.0] AndroidManifest.xml:6:20-65
83            android:value="@integer/google_play_services_version" />
83-->[com.google.android.gms:play-services-basement:18.4.0] AndroidManifest.xml:6:66-119
84
85        <provider
85-->[androidx.emoji2:emoji2:1.3.0] AndroidManifest.xml:24:9-32:20
86            android:name="androidx.startup.InitializationProvider"
86-->[androidx.emoji2:emoji2:1.3.0] AndroidManifest.xml:25:13-67
87            android:authorities="media.toxi.radio.androidx-startup"
87-->[androidx.emoji2:emoji2:1.3.0] AndroidManifest.xml:26:13-68
88            android:exported="false" >
88-->[androidx.emoji2:emoji2:1.3.0] AndroidManifest.xml:27:13-37
89            <meta-data
89-->[androidx.emoji2:emoji2:1.3.0] AndroidManifest.xml:29:13-31:52
90                android:name="androidx.emoji2.text.EmojiCompatInitializer"
90-->[androidx.emoji2:emoji2:1.3.0] AndroidManifest.xml:30:17-75
91                android:value="androidx.startup" />
91-->[androidx.emoji2:emoji2:1.3.0] AndroidManifest.xml:31:17-49
92            <meta-data
92-->[androidx.lifecycle:lifecycle-process:2.6.2] AndroidManifest.xml:29:13-31:52
93                android:name="androidx.lifecycle.ProcessLifecycleInitializer"
93-->[androidx.lifecycle:lifecycle-process:2.6.2] AndroidManifest.xml:30:17-78
94                android:value="androidx.startup" />
94-->[androidx.lifecycle:lifecycle-process:2.6.2] AndroidManifest.xml:31:17-49
95            <meta-data
95-->[androidx.profileinstaller:profileinstaller:1.3.1] AndroidManifest.xml:29:13-31:52
96                android:name="androidx.profileinstaller.ProfileInstallerInitializer"
96-->[androidx.profileinstaller:profileinstaller:1.3.1] AndroidManifest.xml:30:17-85
97                android:value="androidx.startup" />
97-->[androidx.profileinstaller:profileinstaller:1.3.1] AndroidManifest.xml:31:17-49
98        </provider>
99
100        <receiver
100-->[androidx.profileinstaller:profileinstaller:1.3.1] AndroidManifest.xml:34:9-52:20
101            android:name="androidx.profileinstaller.ProfileInstallReceiver"
101-->[androidx.profileinstaller:profileinstaller:1.3.1] AndroidManifest.xml:35:13-76
102            android:directBootAware="false"
102-->[androidx.profileinstaller:profileinstaller:1.3.1] AndroidManifest.xml:36:13-44
103            android:enabled="true"
103-->[androidx.profileinstaller:profileinstaller:1.3.1] AndroidManifest.xml:37:13-35
104            android:exported="true"
104-->[androidx.profileinstaller:profileinstaller:1.3.1] AndroidManifest.xml:38:13-36
105            android:permission="android.permission.DUMP" >
105-->[androidx.profileinstaller:profileinstaller:1.3.1] AndroidManifest.xml:39:13-57
106            <intent-filter>
106-->[androidx.profileinstaller:profileinstaller:1.3.1] AndroidManifest.xml:40:13-42:29
107                <action android:name="androidx.profileinstaller.action.INSTALL_PROFILE" />
107-->[androidx.profileinstaller:profileinstaller:1.3.1] AndroidManifest.xml:41:17-91
107-->[androidx.profileinstaller:profileinstaller:1.3.1] AndroidManifest.xml:41:25-88
108            </intent-filter>
109            <intent-filter>
109-->[androidx.profileinstaller:profileinstaller:1.3.1] AndroidManifest.xml:43:13-45:29
110                <action android:name="androidx.profileinstaller.action.SKIP_FILE" />
110-->[androidx.profileinstaller:profileinstaller:1.3.1] AndroidManifest.xml:44:17-85
110-->[androidx.profileinstaller:profileinstaller:1.3.1] AndroidManifest.xml:44:25-82
111            </intent-filter>
112            <intent-filter>
112-->[androidx.profileinstaller:profileinstaller:1.3.1] AndroidManifest.xml:46:13-48:29
113                <action android:name="androidx.profileinstaller.action.SAVE_PROFILE" />
113-->[androidx.profileinstaller:profileinstaller:1.3.1] AndroidManifest.xml:47:17-88
113-->[androidx.profileinstaller:profileinstaller:1.3.1] AndroidManifest.xml:47:25-85
114            </intent-filter>
115            <intent-filter>
115-->[androidx.profileinstaller:profileinstaller:1.3.1] AndroidManifest.xml:49:13-51:29
116                <action android:name="androidx.profileinstaller.action.BENCHMARK_OPERATION" />
116-->[androidx.profileinstaller:profileinstaller:1.3.1] AndroidManifest.xml:50:17-95
116-->[androidx.profileinstaller:profileinstaller:1.3.1] AndroidManifest.xml:50:25-92
117            </intent-filter>
118        </receiver>
119
120        <service
120-->[com.google.android.datatransport:transport-backend-cct:3.1.3] AndroidManifest.xml:29:9-35:19
121            android:name="com.google.android.datatransport.runtime.backends.TransportBackendDiscovery"
121-->[com.google.android.datatransport:transport-backend-cct:3.1.3] AndroidManifest.xml:30:13-103
122            android:exported="false" >
122-->[com.google.android.datatransport:transport-backend-cct:3.1.3] AndroidManifest.xml:31:13-37
123            <meta-data
123-->[com.google.android.datatransport:transport-backend-cct:3.1.3] AndroidManifest.xml:32:13-34:39
124                android:name="backend:com.google.android.datatransport.cct.CctBackendFactory"
124-->[com.google.android.datatransport:transport-backend-cct:3.1.3] AndroidManifest.xml:33:17-94
125                android:value="cct" />
125-->[com.google.android.datatransport:transport-backend-cct:3.1.3] AndroidManifest.xml:34:17-36
126        </service>
127        <service
127-->[com.google.android.datatransport:transport-runtime:3.1.3] AndroidManifest.xml:26:9-30:19
128            android:name="com.google.android.datatransport.runtime.scheduling.jobscheduling.JobInfoSchedulerService"
128-->[com.google.android.datatransport:transport-runtime:3.1.3] AndroidManifest.xml:27:13-117
129            android:exported="false"
129-->[com.google.android.datatransport:transport-runtime:3.1.3] AndroidManifest.xml:28:13-37
130            android:permission="android.permission.BIND_JOB_SERVICE" >
130-->[com.google.android.datatransport:transport-runtime:3.1.3] AndroidManifest.xml:29:13-69
131        </service>
132
133        <receiver
133-->[com.google.android.datatransport:transport-runtime:3.1.3] AndroidManifest.xml:32:9-34:40
134            android:name="com.google.android.datatransport.runtime.scheduling.jobscheduling.AlarmManagerSchedulerBroadcastReceiver"
134-->[com.google.android.datatransport:transport-runtime:3.1.3] AndroidManifest.xml:33:13-132
135            android:exported="false" />
135-->[com.google.android.datatransport:transport-runtime:3.1.3] AndroidManifest.xml:34:13-37
136    </application>
137
138</manifest>